<?xml version="1.0" encoding="UTF-8"?>
<!-- Generated by org.testng.reporters.JUnitXMLReporter -->
<testsuite ignored="0" hostname="LAPTOP-MB89NV26" failures="1" tests="1" name="Test" time="10.655" errors="0" timestamp="2019-12-22T20:25:40 MSK">
  <testcase classname="com.testcases.POSTrequestTest" name="postAPITest" time="9.666">
    <failure type="java.lang.AssertionError" message="did not expect to find [Ruzanna] but found [null]">
      <![CDATA[java.lang.AssertionError: did not expect to find [Ruzanna] but found [null]
at com.testcases.POSTrequestTest.postAPITest(POSTrequestTest.java:33)
at java.base/java.util.ArrayList.forEach(ArrayList.java:1540)
... Removed 32 stack frames]]>
    </failure>
  </testcase> <!-- postAPITest -->
</testsuite> <!-- Test -->
